# JRE version: OpenJDK Runtime Environment (21.0.6) (build 21.0.6+-13391695-b895.109)
# Java VM: OpenJDK 64-Bit Server VM (21.0.6+-13391695-b895.109, mixed mode, tiered, compressed oops, compressed class ptrs, g1 gc, windows-amd64)
GC Precious Log:
 CardTable entry size: 512
 Card Set container configuration: InlinePtr #cards 4 size 8 Array Of Cards #cards 32 size 80 Howl #buckets 8 coarsen threshold 7372 Howl Bitmap #cards 1024 size 144 coarsen threshold 921 Card regions per heap region 1 cards per card region 8192
 CPUs: 8 total, 8 available
 Memory: 24525M
 Large Page Support: Disabled
 NUMA Support: Disabled
 Compressed Oops: Enabled (Zero based)
 Heap Region Size: 4M
 Heap Min Capacity: 8M
 Heap Initial Capacity: 384M
 Heap Max Capacity: 6132M
 Pre-touch: Disabled
 Parallel Workers: 8
 Concurrent Workers: 2
 Concurrent Refinement Workers: 8
 Periodic GC: Disabled
Heap:
 garbage-first heap   total 53248K, used 27294K [0x0000000680c00000, 0x0000000800000000)
  region size 4096K, 4 young (16384K), 1 survivors (4096K)
 Metaspace       used 44620K, committed 44800K, reserved 1114112K
  class space    used 5169K, committed 5248K, reserved 1048576K
GC Heap History (14 events):
Event: 1.815 GC heap before
{Heap before GC invocations=0 (full 0):
 garbage-first heap   total 393216K, used 20480K [0x0000000680c00000, 0x0000000800000000)
  region size 4096K, 5 young (20480K), 0 survivors (0K)
 Metaspace       used 13037K, committed 13184K, reserved 1114112K
  class space    used 1162K, committed 1216K, reserved 1048576K
}
Event: 1.934 GC heap after
{Heap after GC invocations=1 (full 0):
 garbage-first heap   total 393216K, used 6821K [0x0000000680c00000, 0x0000000800000000)
  region size 4096K, 1 young (4096K), 1 survivors (4096K)
 Metaspace       used 13037K, committed 13184K, reserved 1114112K
  class space    used 1162K, committed 1216K, reserved 1048576K
}
Event: 4.133 GC heap before
{Heap before GC invocations=1 (full 0):
 garbage-first heap   total 393216K, used 31397K [0x0000000680c00000, 0x0000000800000000)
  region size 4096K, 7 young (28672K), 1 survivors (4096K)
 Metaspace       used 20512K, committed 20672K, reserved 1114112K
  class space    used 2089K, committed 2176K, reserved 1048576K
}
Event: 4.137 GC heap after
{Heap after GC invocations=2 (full 0):
 garbage-first heap   total 393216K, used 8361K [0x0000000680c00000, 0x0000000800000000)
  region size 4096K, 1 young (4096K), 1 survivors (4096K)
 Metaspace       used 20512K, committed 20672K, reserved 1114112K
  class space    used 2089K, committed 2176K, reserved 1048576K
}
Event: 4.449 GC heap before
{Heap before GC invocations=2 (full 0):
 garbage-first heap   total 393216K, used 8361K [0x0000000680c00000, 0x0000000800000000)
  region size 4096K, 2 young (8192K), 1 survivors (4096K)
 Metaspace       used 21328K, committed 21504K, reserved 1114112K
  class space    used 2173K, committed 2240K, reserved 1048576K
}
Event: 4.451 GC heap after
{Heap after GC invocations=3 (full 0):
 garbage-first heap   total 393216K, used 8557K [0x0000000680c00000, 0x0000000800000000)
  region size 4096K, 1 young (4096K), 1 survivors (4096K)
 Metaspace       used 21328K, committed 21504K, reserved 1114112K
  class space    used 2173K, committed 2240K, reserved 1048576K
}
Event: 10.462 GC heap before
{Heap before GC invocations=4 (full 0):
 garbage-first heap   total 40960K, used 37229K [0x0000000680c00000, 0x0000000800000000)
  region size 4096K, 8 young (32768K), 1 survivors (4096K)
 Metaspace       used 26867K, committed 27136K, reserved 1114112K
  class space    used 2840K, committed 2944K, reserved 1048576K
}
Event: 10.470 GC heap after
{Heap after GC invocations=5 (full 0):
 garbage-first heap   total 49152K, used 13927K [0x0000000680c00000, 0x0000000800000000)
  region size 4096K, 2 young (8192K), 2 survivors (8192K)
 Metaspace       used 26867K, committed 27136K, reserved 1114112K
  class space    used 2840K, committed 2944K, reserved 1048576K
}
Event: 13.941 GC heap before
{Heap before GC invocations=5 (full 0):
 garbage-first heap   total 49152K, used 34407K [0x0000000680c00000, 0x0000000800000000)
  region size 4096K, 7 young (28672K), 2 survivors (8192K)
 Metaspace       used 32688K, committed 32960K, reserved 1114112K
  class space    used 3954K, committed 4096K, reserved 1048576K
}
Event: 13.954 GC heap after
{Heap after GC invocations=6 (full 0):
 garbage-first heap   total 53248K, used 16013K [0x0000000680c00000, 0x0000000800000000)
  region size 4096K, 1 young (4096K), 1 survivors (4096K)
 Metaspace       used 32688K, committed 32960K, reserved 1114112K
  class space    used 3954K, committed 4096K, reserved 1048576K
}
Event: 16.885 GC heap before
{Heap before GC invocations=6 (full 0):
 garbage-first heap   total 53248K, used 32397K [0x0000000680c00000, 0x0000000800000000)
  region size 4096K, 6 young (24576K), 1 survivors (4096K)
 Metaspace       used 36395K, committed 36608K, reserved 1114112K
  class space    used 4327K, committed 4416K, reserved 1048576K
}
Event: 16.892 GC heap after
{Heap after GC invocations=7 (full 0):
 garbage-first heap   total 53248K, used 17360K [0x0000000680c00000, 0x0000000800000000)
  region size 4096K, 1 young (4096K), 1 survivors (4096K)
 Metaspace       used 36395K, committed 36608K, reserved 1114112K
  class space    used 4327K, committed 4416K, reserved 1048576K
}
Event: 18.733 GC heap before
{Heap before GC invocations=8 (full 0):
 garbage-first heap   total 53248K, used 37840K [0x0000000680c00000, 0x0000000800000000)
  region size 4096K, 6 young (24576K), 1 survivors (4096K)
 Metaspace       used 42234K, committed 42432K, reserved 1114112K
  class space    used 4918K, committed 4992K, reserved 1048576K
}
Event: 18.743 GC heap after
{Heap after GC invocations=9 (full 0):
 garbage-first heap   total 53248K, used 19102K [0x0000000680c00000, 0x0000000800000000)
  region size 4096K, 1 young (4096K), 1 survivors (4096K)
 Metaspace       used 42234K, committed 42432K, reserved 1114112K
  class space    used 4918K, committed 4992K, reserved 1048576K
}

